<?xml version="1.0" encoding="UTF-8"?>
<testsuites name="crudRole" time="239.004" tests="14" failures="0" errors="0">
   <testsuite name="crudRole" tests="14" failures="0" errors="0" time="239.004" skipped="0" timestamp="2022-11-03 22:40:18" hostname="asd_b - 118224-001L-IND.adl.local" id="Test Suites/crudRole">
      <properties>
         <property name="deviceName" value=""/>
         <property name="devicePlatform" value=""/>
         <property name="logFolder" value="C:\\Users\\asd_b\\OneDrive\\Documents\\GitHub\\automation-radyalabs-web\\Reports\\20221103_224014\\crudRole\\20221103_224014"/>
         <property name="logFiles" value="C:\\Users\\asd_b\\OneDrive\\Documents\\GitHub\\automation-radyalabs-web\\Reports\\20221103_224014\\crudRole\\20221103_224014\\execution0.log"/>
         <property name="attachments" value=""/>
         <property name="hostName" value="asd_b - 118224-001L-IND.adl.local"/>
         <property name="os" value="Windows 10 64bit"/>
         <property name="katalonVersion" value="8.3.0.208"/>
         <property name="browser" value="Chrome 107.0.0.0"/>
         <property name="hostAddress" value="192.168.1.11"/>
         <property name="sessionId" value="bddf194e284109ee7107e56fa95b7aa8"/>
         <property name="seleniumVersion" value="3.141.59"/>
         <property name="proxyInformation" value="ProxyInformation { proxyOption=NO_PROXY, proxyServerType=HTTP, username=, password=********, proxyServerAddress=, proxyServerPort=0, executionList=&quot;&quot;, isApplyToDesiredCapabilities=true }"/>
         <property name="platform" value="Windows 10"/>
      </properties>
      <testcase name="Test Cases/crudRole/failedCreateRoleWithoutFillIdRole" time="21.746" classname="Test Cases/crudRole/failedCreateRoleWithoutFillIdRole" status="PASSED">
         <system-out><![CDATA[2022-11-03 22:40:19 - [TEST_CASE][PASSED] - Test Cases/crudRole/failedCreateRoleWithoutFillIdRole: Test Cases/crudRole/failedCreateRoleWithoutFillIdRole

2022-11-03 22:40:19 - [TEST_STEP][PASSED] - openBrowser("http://staging.radyalabs.id:7008/"): Browser is opened with url: 'http://staging.radyalabs.id:7008/'

2022-11-03 22:40:20 - [MESSAGE][INFO] - Starting 'Chrome' driver

2022-11-03 22:40:20 - [MESSAGE][INFO] - Action delay is set to 0 milliseconds

2022-11-03 22:40:25 - [MESSAGE][PASSED] - Browser is opened with url: 'http://staging.radyalabs.id:7008/'

2022-11-03 22:40:25 - [TEST_STEP][PASSED] - maximizeWindow(): Current window maximized

2022-11-03 22:40:25 - [MESSAGE][PASSED] - Current window maximized

2022-11-03 22:40:25 - [TEST_STEP][PASSED] - setText(findTestObject("loginElement/fieldUsername"), "sa"): Text 'sa' is set on object 'Object Repository/loginElement/fieldUsername'

2022-11-03 22:40:26 - [MESSAGE][PASSED] - Text 'sa' is set on object 'Object Repository/loginElement/fieldUsername'

2022-11-03 22:40:26 - [TEST_STEP][PASSED] - setText(findTestObject("loginElement/fieldPassword"), "qwerty@123"): Text 'qwerty@123' is set on object 'Object Repository/loginElement/fieldPassword'

2022-11-03 22:40:27 - [MESSAGE][PASSED] - Text 'qwerty@123' is set on object 'Object Repository/loginElement/fieldPassword'

2022-11-03 22:40:27 - [TEST_STEP][PASSED] - click(findTestObject("loginElement/btnMasuk")): Object: 'Object Repository/loginElement/btnMasuk' is clicked on

2022-11-03 22:40:27 - [MESSAGE][PASSED] - Object: 'Object Repository/loginElement/btnMasuk' is clicked on

2022-11-03 22:40:27 - [TEST_STEP][PASSED] - waitForElementClickable(findTestObject("masterCabang/btnCollapseMasterData"), 0): Object 'Object Repository/masterCabang/btnCollapseMasterData' is clickable

2022-11-03 22:40:28 - [MESSAGE][WARNING] - Timeout '0' is invalid. Using default page load timeout: '30'

2022-11-03 22:40:30 - [MESSAGE][PASSED] - Object 'Object Repository/masterCabang/btnCollapseMasterData' is clickable

2022-11-03 22:40:30 - [TEST_STEP][PASSED] - click(findTestObject("manajemenRole/btnManajemenRole")): Object: 'Object Repository/manajemenRole/btnManajemenRole' is clicked on

2022-11-03 22:40:30 - [MESSAGE][PASSED] - Object: 'Object Repository/manajemenRole/btnManajemenRole' is clicked on

2022-11-03 22:40:30 - [TEST_STEP][PASSED] - click(findTestObject("manajemenRole/btnTambahRole")): Object: 'Object Repository/manajemenRole/btnTambahRole' is clicked on

2022-11-03 22:40:31 - [MESSAGE][PASSED] - Object: 'Object Repository/manajemenRole/btnTambahRole' is clicked on

2022-11-03 22:40:31 - [TEST_STEP][PASSED] - setText(findTestObject("manajemenRole/fieldIdRole"), ""): Text '' is set on object 'Object Repository/manajemenRole/fieldIdRole'

2022-11-03 22:40:32 - [MESSAGE][PASSED] - Text '' is set on object 'Object Repository/manajemenRole/fieldIdRole'

2022-11-03 22:40:32 - [TEST_STEP][PASSED] - setText(findTestObject("manajemenRole/fieldNamaRole"), ""): Text '' is set on object 'Object Repository/manajemenRole/fieldNamaRole'

2022-11-03 22:40:33 - [MESSAGE][PASSED] - Text '' is set on object 'Object Repository/manajemenRole/fieldNamaRole'

2022-11-03 22:40:33 - [TEST_STEP][PASSED] - click(findTestObject("manajemenRole/checkAudit")): Object: 'Object Repository/manajemenRole/checkAudit' is clicked on

2022-11-03 22:40:33 - [MESSAGE][PASSED] - Object: 'Object Repository/manajemenRole/checkAudit' is clicked on

2022-11-03 22:40:33 - [TEST_STEP][PASSED] - click(findTestObject("manajemenRole/checkBatchCorrection")): Object: 'Object Repository/manajemenRole/checkBatchCorrection' is clicked on

2022-11-03 22:40:34 - [MESSAGE][PASSED] - Object: 'Object Repository/manajemenRole/checkBatchCorrection' is clicked on

2022-11-03 22:40:34 - [TEST_STEP][PASSED] - click(findTestObject("manajemenRole/checkEquipment")): Object: 'Object Repository/manajemenRole/checkEquipment' is clicked on

2022-11-03 22:40:35 - [MESSAGE][PASSED] - Object: 'Object Repository/manajemenRole/checkEquipment' is clicked on

2022-11-03 22:40:35 - [TEST_STEP][PASSED] - click(findTestObject("manajemenRole/checkFacility")): Object: 'Object Repository/manajemenRole/checkFacility' is clicked on

2022-11-03 22:40:35 - [MESSAGE][PASSED] - Object: 'Object Repository/manajemenRole/checkFacility' is clicked on

2022-11-03 22:40:35 - [TEST_STEP][PASSED] - click(findTestObject("manajemenRole/checkNieBatch")): Object: 'Object Repository/manajemenRole/checkNieBatch' is clicked on

2022-11-03 22:40:36 - [MESSAGE][PASSED] - Object: 'Object Repository/manajemenRole/checkNieBatch' is clicked on

2022-11-03 22:40:36 - [TEST_STEP][PASSED] - click(findTestObject("manajemenRole/checkSelisih")): Object: 'Object Repository/manajemenRole/checkSelisih' is clicked on

2022-11-03 22:40:36 - [MESSAGE][PASSED] - Object: 'Object Repository/manajemenRole/checkSelisih' is clicked on

2022-11-03 22:40:36 - [TEST_STEP][PASSED] - click(findTestObject("manajemenRole/btnSimpanRole")): Object: 'Object Repository/manajemenRole/btnSimpanRole' is clicked on

2022-11-03 22:40:37 - [MESSAGE][PASSED] - Object: 'Object Repository/manajemenRole/btnSimpanRole' is clicked on

2022-11-03 22:40:37 - [TEST_STEP][PASSED] - delay(3): Delayed 3 second(s)

2022-11-03 22:40:40 - [MESSAGE][PASSED] - Delayed 3 second(s)

2022-11-03 22:40:40 - [TEST_STEP][PASSED] - closeBrowser(): Browser is closed

2022-11-03 22:40:41 - [MESSAGE][PASSED] - Browser is closed]]></system-out>
         <system-err><![CDATA[]]></system-err>
      </testcase>
      <testcase name="Test Cases/crudRole/failedCreateRoleWithoutFillIdRoleAndNamaRole" time="20.495" classname="Test Cases/crudRole/failedCreateRoleWithoutFillIdRoleAndNamaRole" status="PASSED">
         <system-out><![CDATA[2022-11-03 22:40:41 - [TEST_CASE][PASSED] - Test Cases/crudRole/failedCreateRoleWithoutFillIdRoleAndNamaRole: Test Cases/crudRole/failedCreateRoleWithoutFillIdRoleAndNamaRole

2022-11-03 22:40:41 - [TEST_STEP][PASSED] - openBrowser("http://staging.radyalabs.id:7008/"): Browser is opened with url: 'http://staging.radyalabs.id:7008/'

2022-11-03 22:40:41 - [MESSAGE][INFO] - Starting 'Chrome' driver

2022-11-03 22:40:41 - [MESSAGE][INFO] - Action delay is set to 0 milliseconds

2022-11-03 22:40:45 - [MESSAGE][PASSED] - Browser is opened with url: 'http://staging.radyalabs.id:7008/'

2022-11-03 22:40:45 - [TEST_STEP][PASSED] - maximizeWindow(): Current window maximized

2022-11-03 22:40:45 - [MESSAGE][PASSED] - Current window maximized

2022-11-03 22:40:45 - [TEST_STEP][PASSED] - setText(findTestObject("loginElement/fieldUsername"), "sa"): Text 'sa' is set on object 'Object Repository/loginElement/fieldUsername'

2022-11-03 22:40:46 - [MESSAGE][PASSED] - Text 'sa' is set on object 'Object Repository/loginElement/fieldUsername'

2022-11-03 22:40:46 - [TEST_STEP][PASSED] - setText(findTestObject("loginElement/fieldPassword"), "qwerty@123"): Text 'qwerty@123' is set on object 'Object Repository/loginElement/fieldPassword'

2022-11-03 22:40:47 - [MESSAGE][PASSED] - Text 'qwerty@123' is set on object 'Object Repository/loginElement/fieldPassword'

2022-11-03 22:40:47 - [TEST_STEP][PASSED] - click(findTestObject("loginElement/btnMasuk")): Object: 'Object Repository/loginElement/btnMasuk' is clicked on

2022-11-03 22:40:48 - [MESSAGE][PASSED] - Object: 'Object Repository/loginElement/btnMasuk' is clicked on

2022-11-03 22:40:48 - [TEST_STEP][PASSED] - waitForElementClickable(findTestObject("masterCabang/btnCollapseMasterData"), 0): Object 'Object Repository/masterCabang/btnCollapseMasterData' is clickable

2022-11-03 22:40:48 - [MESSAGE][WARNING] - Timeout '0' is invalid. Using default page load timeout: '30'

2022-11-03 22:40:50 - [MESSAGE][PASSED] - Object 'Object Repository/masterCabang/btnCollapseMasterData' is clickable

2022-11-03 22:40:50 - [TEST_STEP][PASSED] - click(findTestObject("manajemenRole/btnManajemenRole")): Object: 'Object Repository/manajemenRole/btnManajemenRole' is clicked on

2022-11-03 22:40:51 - [MESSAGE][PASSED] - Object: 'Object Repository/manajemenRole/btnManajemenRole' is clicked on

2022-11-03 22:40:51 - [TEST_STEP][PASSED] - click(findTestObject("manajemenRole/btnTambahRole")): Object: 'Object Repository/manajemenRole/btnTambahRole' is clicked on

2022-11-03 22:40:51 - [MESSAGE][PASSED] - Object: 'Object Repository/manajemenRole/btnTambahRole' is clicked on

2022-11-03 22:40:51 - [TEST_STEP][PASSED] - setText(findTestObject("manajemenRole/fieldIdRole"), ""): Text '' is set on object 'Object Repository/manajemenRole/fieldIdRole'

2022-11-03 22:40:52 - [MESSAGE][PASSED] - Text '' is set on object 'Object Repository/manajemenRole/fieldIdRole'

2022-11-03 22:40:52 - [TEST_STEP][PASSED] - setText(findTestObject("manajemenRole/fieldNamaRole"), "bagusCreateAll"): Text 'bagusCreateAll' is set on object 'Object Repository/manajemenRole/fieldNamaRole'

2022-11-03 22:40:53 - [MESSAGE][PASSED] - Text 'bagusCreateAll' is set on object 'Object Repository/manajemenRole/fieldNamaRole'

2022-11-03 22:40:53 - [TEST_STEP][PASSED] - click(findTestObject("manajemenRole/checkAudit")): Object: 'Object Repository/manajemenRole/checkAudit' is clicked on

2022-11-03 22:40:54 - [MESSAGE][PASSED] - Object: 'Object Repository/manajemenRole/checkAudit' is clicked on

2022-11-03 22:40:54 - [TEST_STEP][PASSED] - click(findTestObject("manajemenRole/checkBatchCorrection")): Object: 'Object Repository/manajemenRole/checkBatchCorrection' is clicked on

2022-11-03 22:40:54 - [MESSAGE][PASSED] - Object: 'Object Repository/manajemenRole/checkBatchCorrection' is clicked on

2022-11-03 22:40:54 - [TEST_STEP][PASSED] - click(findTestObject("manajemenRole/checkEquipment")): Object: 'Object Repository/manajemenRole/checkEquipment' is clicked on

2022-11-03 22:40:55 - [MESSAGE][PASSED] - Object: 'Object Repository/manajemenRole/checkEquipment' is clicked on

2022-11-03 22:40:55 - [TEST_STEP][PASSED] - click(findTestObject("manajemenRole/checkFacility")): Object: 'Object Repository/manajemenRole/checkFacility' is clicked on

2022-11-03 22:40:55 - [MESSAGE][PASSED] - Object: 'Object Repository/manajemenRole/checkFacility' is clicked on

2022-11-03 22:40:55 - [TEST_STEP][PASSED] - click(findTestObject("manajemenRole/checkNieBatch")): Object: 'Object Repository/manajemenRole/checkNieBatch' is clicked on

2022-11-03 22:40:56 - [MESSAGE][PASSED] - Object: 'Object Repository/manajemenRole/checkNieBatch' is clicked on

2022-11-03 22:40:56 - [TEST_STEP][PASSED] - click(findTestObject("manajemenRole/checkSelisih")): Object: 'Object Repository/manajemenRole/checkSelisih' is clicked on

2022-11-03 22:40:57 - [MESSAGE][PASSED] - Object: 'Object Repository/manajemenRole/checkSelisih' is clicked on

2022-11-03 22:40:57 - [TEST_STEP][PASSED] - click(findTestObject("manajemenRole/btnSimpanRole")): Object: 'Object Repository/manajemenRole/btnSimpanRole' is clicked on

2022-11-03 22:40:57 - [MESSAGE][PASSED] - Object: 'Object Repository/manajemenRole/btnSimpanRole' is clicked on

2022-11-03 22:40:57 - [TEST_STEP][PASSED] - delay(3): Delayed 3 second(s)

2022-11-03 22:41:00 - [MESSAGE][PASSED] - Delayed 3 second(s)

2022-11-03 22:41:00 - [TEST_STEP][PASSED] - closeBrowser(): Browser is closed

2022-11-03 22:41:01 - [MESSAGE][PASSED] - Browser is closed]]></system-out>
         <system-err><![CDATA[]]></system-err>
      </testcase>
      <testcase name="Test Cases/crudRole/failedCreateRoleWithoutFillNamaRole" time="18.032" classname="Test Cases/crudRole/failedCreateRoleWithoutFillNamaRole" status="PASSED">
         <system-out><![CDATA[2022-11-03 22:41:01 - [TEST_CASE][PASSED] - Test Cases/crudRole/failedCreateRoleWithoutFillNamaRole: Test Cases/crudRole/failedCreateRoleWithoutFillNamaRole

2022-11-03 22:41:01 - [TEST_STEP][PASSED] - openBrowser("http://staging.radyalabs.id:7008/"): Browser is opened with url: 'http://staging.radyalabs.id:7008/'

2022-11-03 22:41:01 - [MESSAGE][INFO] - Starting 'Chrome' driver

2022-11-03 22:41:01 - [MESSAGE][INFO] - Action delay is set to 0 milliseconds

2022-11-03 22:41:05 - [MESSAGE][PASSED] - Browser is opened with url: 'http://staging.radyalabs.id:7008/'

2022-11-03 22:41:05 - [TEST_STEP][PASSED] - maximizeWindow(): Current window maximized

2022-11-03 22:41:05 - [MESSAGE][PASSED] - Current window maximized

2022-11-03 22:41:05 - [TEST_STEP][PASSED] - setText(findTestObject("loginElement/fieldUsername"), "sa"): Text 'sa' is set on object 'Object Repository/loginElement/fieldUsername'

2022-11-03 22:41:06 - [MESSAGE][PASSED] - Text 'sa' is set on object 'Object Repository/loginElement/fieldUsername'

2022-11-03 22:41:06 - [TEST_STEP][PASSED] - setText(findTestObject("loginElement/fieldPassword"), "qwerty@123"): Text 'qwerty@123' is set on object 'Object Repository/loginElement/fieldPassword'

2022-11-03 22:41:07 - [MESSAGE][PASSED] - Text 'qwerty@123' is set on object 'Object Repository/loginElement/fieldPassword'

2022-11-03 22:41:07 - [TEST_STEP][PASSED] - click(findTestObject("loginElement/btnMasuk")): Object: 'Object Repository/loginElement/btnMasuk' is clicked on

2022-11-03 22:41:07 - [MESSAGE][PASSED] - Object: 'Object Repository/loginElement/btnMasuk' is clicked on

2022-11-03 22:41:07 - [TEST_STEP][PASSED] - waitForElementClickable(findTestObject("masterCabang/btnCollapseMasterData"), 0): Object 'Object Repository/masterCabang/btnCollapseMasterData' is clickable

2022-11-03 22:41:07 - [MESSAGE][WARNING] - Timeout '0' is invalid. Using default page load timeout: '30'

2022-11-03 22:41:09 - [MESSAGE][PASSED] - Object 'Object Repository/masterCabang/btnCollapseMasterData' is clickable

2022-11-03 22:41:09 - [TEST_STEP][PASSED] - click(findTestObject("manajemenRole/btnManajemenRole")): Object: 'Object Repository/manajemenRole/btnManajemenRole' is clicked on

2022-11-03 22:41:09 - [MESSAGE][PASSED] - Object: 'Object Repository/manajemenRole/btnManajemenRole' is clicked on

2022-11-03 22:41:09 - [TEST_STEP][PASSED] - click(findTestObject("manajemenRole/btnTambahRole")): Object: 'Object Repository/manajemenRole/btnTambahRole' is clicked on

2022-11-03 22:41:10 - [MESSAGE][PASSED] - Object: 'Object Repository/manajemenRole/btnTambahRole' is clicked on

2022-11-03 22:41:10 - [TEST_STEP][PASSED] - setText(findTestObject("manajemenRole/fieldIdRole"), "bagusCreateAll"): Text 'bagusCreateAll' is set on object 'Object Repository/manajemenRole/fieldIdRole'

2022-11-03 22:41:11 - [MESSAGE][PASSED] - Text 'bagusCreateAll' is set on object 'Object Repository/manajemenRole/fieldIdRole'

2022-11-03 22:41:11 - [TEST_STEP][PASSED] - setText(findTestObject("manajemenRole/fieldNamaRole"), ""): Text '' is set on object 'Object Repository/manajemenRole/fieldNamaRole'

2022-11-03 22:41:11 - [MESSAGE][PASSED] - Text '' is set on object 'Object Repository/manajemenRole/fieldNamaRole'

2022-11-03 22:41:11 - [TEST_STEP][PASSED] - click(findTestObject("manajemenRole/checkAudit")): Object: 'Object Repository/manajemenRole/checkAudit' is clicked on

2022-11-03 22:41:12 - [MESSAGE][PASSED] - Object: 'Object Repository/manajemenRole/checkAudit' is clicked on

2022-11-03 22:41:12 - [TEST_STEP][PASSED] - click(findTestObject("manajemenRole/checkBatchCorrection")): Object: 'Object Repository/manajemenRole/checkBatchCorrection' is clicked on

2022-11-03 22:41:13 - [MESSAGE][PASSED] - Object: 'Object Repository/manajemenRole/checkBatchCorrection' is clicked on

2022-11-03 22:41:13 - [TEST_STEP][PASSED] - click(findTestObject("manajemenRole/checkEquipment")): Object: 'Object Repository/manajemenRole/checkEquipment' is clicked on

2022-11-03 22:41:13 - [MESSAGE][PASSED] - Object: 'Object Repository/manajemenRole/checkEquipment' is clicked on

2022-11-03 22:41:13 - [TEST_STEP][PASSED] - click(findTestObject("manajemenRole/checkFacility")): Object: 'Object Repository/manajemenRole/checkFacility' is clicked on

2022-11-03 22:41:14 - [MESSAGE][PASSED] - Object: 'Object Repository/manajemenRole/checkFacility' is clicked on

2022-11-03 22:41:14 - [TEST_STEP][PASSED] - click(findTestObject("manajemenRole/checkNieBatch")): Object: 'Object Repository/manajemenRole/checkNieBatch' is clicked on

2022-11-03 22:41:14 - [MESSAGE][PASSED] - Object: 'Object Repository/manajemenRole/checkNieBatch' is clicked on

2022-11-03 22:41:14 - [TEST_STEP][PASSED] - click(findTestObject("manajemenRole/checkSelisih")): Object: 'Object Repository/manajemenRole/checkSelisih' is clicked on

2022-11-03 22:41:15 - [MESSAGE][PASSED] - Object: 'Object Repository/manajemenRole/checkSelisih' is clicked on

2022-11-03 22:41:15 - [TEST_STEP][PASSED] - click(findTestObject("manajemenRole/btnSimpanRole")): Object: 'Object Repository/manajemenRole/btnSimpanRole' is clicked on

2022-11-03 22:41:15 - [MESSAGE][PASSED] - Object: 'Object Repository/manajemenRole/btnSimpanRole' is clicked on

2022-11-03 22:41:15 - [TEST_STEP][PASSED] - delay(3): Delayed 3 second(s)

2022-11-03 22:41:18 - [MESSAGE][PASSED] - Delayed 3 second(s)

2022-11-03 22:41:18 - [TEST_STEP][PASSED] - closeBrowser(): Browser is closed

2022-11-03 22:41:19 - [MESSAGE][PASSED] - Browser is closed]]></system-out>
         <system-err><![CDATA[]]></system-err>
      </testcase>
      <testcase name="Test Cases/crudRole/successCreateAll" time="18.198" classname="Test Cases/crudRole/successCreateAll" status="PASSED">
         <system-out><![CDATA[2022-11-03 22:41:19 - [TEST_CASE][PASSED] - Test Cases/crudRole/successCreateAll: Test Cases/crudRole/successCreateAll

2022-11-03 22:41:19 - [TEST_STEP][PASSED] - openBrowser("http://staging.radyalabs.id:7008/"): Browser is opened with url: 'http://staging.radyalabs.id:7008/'

2022-11-03 22:41:19 - [MESSAGE][INFO] - Starting 'Chrome' driver

2022-11-03 22:41:19 - [MESSAGE][INFO] - Action delay is set to 0 milliseconds

2022-11-03 22:41:22 - [MESSAGE][PASSED] - Browser is opened with url: 'http://staging.radyalabs.id:7008/'

2022-11-03 22:41:22 - [TEST_STEP][PASSED] - maximizeWindow(): Current window maximized

2022-11-03 22:41:22 - [MESSAGE][PASSED] - Current window maximized

2022-11-03 22:41:22 - [TEST_STEP][PASSED] - setText(findTestObject("loginElement/fieldUsername"), "sa"): Text 'sa' is set on object 'Object Repository/loginElement/fieldUsername'

2022-11-03 22:41:23 - [MESSAGE][PASSED] - Text 'sa' is set on object 'Object Repository/loginElement/fieldUsername'

2022-11-03 22:41:23 - [TEST_STEP][PASSED] - setText(findTestObject("loginElement/fieldPassword"), "qwerty@123"): Text 'qwerty@123' is set on object 'Object Repository/loginElement/fieldPassword'

2022-11-03 22:41:24 - [MESSAGE][PASSED] - Text 'qwerty@123' is set on object 'Object Repository/loginElement/fieldPassword'

2022-11-03 22:41:24 - [TEST_STEP][PASSED] - click(findTestObject("loginElement/btnMasuk")): Object: 'Object Repository/loginElement/btnMasuk' is clicked on

2022-11-03 22:41:24 - [MESSAGE][PASSED] - Object: 'Object Repository/loginElement/btnMasuk' is clicked on

2022-11-03 22:41:24 - [TEST_STEP][PASSED] - waitForElementClickable(findTestObject("masterCabang/btnCollapseMasterData"), 0): Object 'Object Repository/masterCabang/btnCollapseMasterData' is clickable

2022-11-03 22:41:24 - [MESSAGE][WARNING] - Timeout '0' is invalid. Using default page load timeout: '30'

2022-11-03 22:41:27 - [MESSAGE][PASSED] - Object 'Object Repository/masterCabang/btnCollapseMasterData' is clickable

2022-11-03 22:41:27 - [TEST_STEP][PASSED] - click(findTestObject("manajemenRole/btnManajemenRole")): Object: 'Object Repository/manajemenRole/btnManajemenRole' is clicked on

2022-11-03 22:41:27 - [MESSAGE][PASSED] - Object: 'Object Repository/manajemenRole/btnManajemenRole' is clicked on

2022-11-03 22:41:27 - [TEST_STEP][PASSED] - click(findTestObject("manajemenRole/btnTambahRole")): Object: 'Object Repository/manajemenRole/btnTambahRole' is clicked on

2022-11-03 22:41:28 - [MESSAGE][PASSED] - Object: 'Object Repository/manajemenRole/btnTambahRole' is clicked on

2022-11-03 22:41:28 - [TEST_STEP][PASSED] - setText(findTestObject("manajemenRole/fieldIdRole"), "bagAll"): Text 'bagAll' is set on object 'Object Repository/manajemenRole/fieldIdRole'

2022-11-03 22:41:29 - [MESSAGE][PASSED] - Text 'bagAll' is set on object 'Object Repository/manajemenRole/fieldIdRole'

2022-11-03 22:41:29 - [TEST_STEP][PASSED] - setText(findTestObject("manajemenRole/fieldNamaRole"), "bagAll"): Text 'bagAll' is set on object 'Object Repository/manajemenRole/fieldNamaRole'

2022-11-03 22:41:30 - [MESSAGE][PASSED] - Text 'bagAll' is set on object 'Object Repository/manajemenRole/fieldNamaRole'

2022-11-03 22:41:30 - [TEST_STEP][PASSED] - click(findTestObject("manajemenRole/checkAudit")): Object: 'Object Repository/manajemenRole/checkAudit' is clicked on

2022-11-03 22:41:30 - [MESSAGE][PASSED] - Object: 'Object Repository/manajemenRole/checkAudit' is clicked on

2022-11-03 22:41:30 - [TEST_STEP][PASSED] - click(findTestObject("manajemenRole/checkBatchCorrection")): Object: 'Object Repository/manajemenRole/checkBatchCorrection' is clicked on

2022-11-03 22:41:31 - [MESSAGE][PASSED] - Object: 'Object Repository/manajemenRole/checkBatchCorrection' is clicked on

2022-11-03 22:41:31 - [TEST_STEP][PASSED] - click(findTestObject("manajemenRole/checkEquipment")): Object: 'Object Repository/manajemenRole/checkEquipment' is clicked on

2022-11-03 22:41:31 - [MESSAGE][PASSED] - Object: 'Object Repository/manajemenRole/checkEquipment' is clicked on

2022-11-03 22:41:31 - [TEST_STEP][PASSED] - click(findTestObject("manajemenRole/checkFacility")): Object: 'Object Repository/manajemenRole/checkFacility' is clicked on

2022-11-03 22:41:32 - [MESSAGE][PASSED] - Object: 'Object Repository/manajemenRole/checkFacility' is clicked on

2022-11-03 22:41:32 - [TEST_STEP][PASSED] - click(findTestObject("manajemenRole/checkNieBatch")): Object: 'Object Repository/manajemenRole/checkNieBatch' is clicked on

2022-11-03 22:41:32 - [MESSAGE][PASSED] - Object: 'Object Repository/manajemenRole/checkNieBatch' is clicked on

2022-11-03 22:41:32 - [TEST_STEP][PASSED] - click(findTestObject("manajemenRole/checkSelisih")): Object: 'Object Repository/manajemenRole/checkSelisih' is clicked on

2022-11-03 22:41:33 - [MESSAGE][PASSED] - Object: 'Object Repository/manajemenRole/checkSelisih' is clicked on

2022-11-03 22:41:33 - [TEST_STEP][PASSED] - click(findTestObject("manajemenRole/btnSimpanRole")): Object: 'Object Repository/manajemenRole/btnSimpanRole' is clicked on

2022-11-03 22:41:33 - [MESSAGE][PASSED] - Object: 'Object Repository/manajemenRole/btnSimpanRole' is clicked on

2022-11-03 22:41:33 - [TEST_STEP][PASSED] - delay(3): Delayed 3 second(s)

2022-11-03 22:41:36 - [MESSAGE][PASSED] - Delayed 3 second(s)

2022-11-03 22:41:36 - [TEST_STEP][PASSED] - closeBrowser(): Browser is closed

2022-11-03 22:41:37 - [MESSAGE][PASSED] - Browser is closed]]></system-out>
         <system-err><![CDATA[]]></system-err>
      </testcase>
      <testcase name="Test Cases/crudRole/testData" time="15.835" classname="Test Cases/crudRole/testData" status="PASSED">
         <system-out><![CDATA[2022-11-03 22:41:37 - [TEST_CASE][PASSED] - Test Cases/crudRole/testData: Test Cases/crudRole/testData

2022-11-03 22:41:38 - [TEST_STEP][PASSED] - openBrowser("http://staging.radyalabs.id:7008/"): Browser is opened with url: 'http://staging.radyalabs.id:7008/'

2022-11-03 22:41:38 - [MESSAGE][INFO] - Starting 'Chrome' driver

2022-11-03 22:41:38 - [MESSAGE][INFO] - Action delay is set to 0 milliseconds

2022-11-03 22:41:41 - [MESSAGE][PASSED] - Browser is opened with url: 'http://staging.radyalabs.id:7008/'

2022-11-03 22:41:41 - [TEST_STEP][PASSED] - maximizeWindow(): Current window maximized

2022-11-03 22:41:41 - [MESSAGE][PASSED] - Current window maximized

2022-11-03 22:41:41 - [TEST_STEP][PASSED] - setText(findTestObject("loginElement/fieldUsername"), "sa"): Text 'sa' is set on object 'Object Repository/loginElement/fieldUsername'

2022-11-03 22:41:42 - [MESSAGE][PASSED] - Text 'sa' is set on object 'Object Repository/loginElement/fieldUsername'

2022-11-03 22:41:42 - [TEST_STEP][PASSED] - setText(findTestObject("loginElement/fieldPassword"), "qwerty@123"): Text 'qwerty@123' is set on object 'Object Repository/loginElement/fieldPassword'

2022-11-03 22:41:43 - [MESSAGE][PASSED] - Text 'qwerty@123' is set on object 'Object Repository/loginElement/fieldPassword'

2022-11-03 22:41:43 - [TEST_STEP][PASSED] - click(findTestObject("loginElement/btnMasuk")): Object: 'Object Repository/loginElement/btnMasuk' is clicked on

2022-11-03 22:41:43 - [MESSAGE][PASSED] - Object: 'Object Repository/loginElement/btnMasuk' is clicked on

2022-11-03 22:41:43 - [TEST_STEP][PASSED] - waitForElementClickable(findTestObject("masterCabang/btnCollapseMasterData"), 0): Object 'Object Repository/masterCabang/btnCollapseMasterData' is clickable

2022-11-03 22:41:43 - [MESSAGE][WARNING] - Timeout '0' is invalid. Using default page load timeout: '30'

2022-11-03 22:41:45 - [MESSAGE][PASSED] - Object 'Object Repository/masterCabang/btnCollapseMasterData' is clickable

2022-11-03 22:41:45 - [TEST_STEP][PASSED] - click(findTestObject("manajemenRole/btnManajemenRole")): Object: 'Object Repository/manajemenRole/btnManajemenRole' is clicked on

2022-11-03 22:41:46 - [MESSAGE][PASSED] - Object: 'Object Repository/manajemenRole/btnManajemenRole' is clicked on

2022-11-03 22:41:46 - [TEST_STEP][PASSED] - click(findTestObject("manajemenRole/btnTambahRole")): Object: 'Object Repository/manajemenRole/btnTambahRole' is clicked on

2022-11-03 22:41:46 - [MESSAGE][PASSED] - Object: 'Object Repository/manajemenRole/btnTambahRole' is clicked on

2022-11-03 22:41:46 - [TEST_STEP][PASSED] - setText(findTestObject("manajemenRole/fieldIdRole"), "bagRole"): Text 'bagRole' is set on object 'Object Repository/manajemenRole/fieldIdRole'

2022-11-03 22:41:48 - [MESSAGE][PASSED] - Text 'bagRole' is set on object 'Object Repository/manajemenRole/fieldIdRole'

2022-11-03 22:41:48 - [TEST_STEP][PASSED] - setText(findTestObject("manajemenRole/fieldNamaRole"), "bagRole"): Text 'bagRole' is set on object 'Object Repository/manajemenRole/fieldNamaRole'

2022-11-03 22:41:48 - [MESSAGE][PASSED] - Text 'bagRole' is set on object 'Object Repository/manajemenRole/fieldNamaRole'

2022-11-03 22:41:48 - [TEST_STEP][PASSED] - click(findTestObject("manajemenRole/checkAudit")): Object: 'Object Repository/manajemenRole/checkAudit' is clicked on

2022-11-03 22:41:49 - [MESSAGE][PASSED] - Object: 'Object Repository/manajemenRole/checkAudit' is clicked on

2022-11-03 22:41:49 - [TEST_STEP][PASSED] - click(findTestObject("manajemenRole/btnSimpanRole")): Object: 'Object Repository/manajemenRole/btnSimpanRole' is clicked on

2022-11-03 22:41:49 - [MESSAGE][PASSED] - Object: 'Object Repository/manajemenRole/btnSimpanRole' is clicked on

2022-11-03 22:41:49 - [TEST_STEP][PASSED] - delay(3): Delayed 3 second(s)

2022-11-03 22:41:52 - [MESSAGE][PASSED] - Delayed 3 second(s)

2022-11-03 22:41:52 - [TEST_STEP][PASSED] - closeBrowser(): Browser is closed

2022-11-03 22:41:53 - [MESSAGE][PASSED] - Browser is closed]]></system-out>
         <system-err><![CDATA[]]></system-err>
      </testcase>
      <testcase name="Test Cases/crudRole/editRole" time="19.392" classname="Test Cases/crudRole/editRole" status="PASSED">
         <system-out><![CDATA[2022-11-03 22:41:53 - [TEST_CASE][PASSED] - Test Cases/crudRole/editRole: Test Cases/crudRole/editRole

2022-11-03 22:41:53 - [TEST_STEP][PASSED] - openBrowser("http://staging.radyalabs.id:7008/"): Browser is opened with url: 'http://staging.radyalabs.id:7008/'

2022-11-03 22:41:53 - [MESSAGE][INFO] - Starting 'Chrome' driver

2022-11-03 22:41:53 - [MESSAGE][INFO] - Action delay is set to 0 milliseconds

2022-11-03 22:41:57 - [MESSAGE][PASSED] - Browser is opened with url: 'http://staging.radyalabs.id:7008/'

2022-11-03 22:41:57 - [TEST_STEP][PASSED] - maximizeWindow(): Current window maximized

2022-11-03 22:41:57 - [MESSAGE][PASSED] - Current window maximized

2022-11-03 22:41:57 - [TEST_STEP][PASSED] - setText(findTestObject("loginElement/fieldUsername"), "sa"): Text 'sa' is set on object 'Object Repository/loginElement/fieldUsername'

2022-11-03 22:41:58 - [MESSAGE][PASSED] - Text 'sa' is set on object 'Object Repository/loginElement/fieldUsername'

2022-11-03 22:41:58 - [TEST_STEP][PASSED] - setText(findTestObject("loginElement/fieldPassword"), "qwerty@123"): Text 'qwerty@123' is set on object 'Object Repository/loginElement/fieldPassword'

2022-11-03 22:41:59 - [MESSAGE][PASSED] - Text 'qwerty@123' is set on object 'Object Repository/loginElement/fieldPassword'

2022-11-03 22:41:59 - [TEST_STEP][PASSED] - click(findTestObject("loginElement/btnMasuk")): Object: 'Object Repository/loginElement/btnMasuk' is clicked on

2022-11-03 22:41:59 - [MESSAGE][PASSED] - Object: 'Object Repository/loginElement/btnMasuk' is clicked on

2022-11-03 22:41:59 - [TEST_STEP][PASSED] - waitForElementClickable(findTestObject("masterCabang/btnCollapseMasterData"), 0): Object 'Object Repository/masterCabang/btnCollapseMasterData' is clickable

2022-11-03 22:41:59 - [MESSAGE][WARNING] - Timeout '0' is invalid. Using default page load timeout: '30'

2022-11-03 22:42:01 - [MESSAGE][PASSED] - Object 'Object Repository/masterCabang/btnCollapseMasterData' is clickable

2022-11-03 22:42:01 - [TEST_STEP][PASSED] - click(findTestObject("manajemenRole/btnManajemenRole")): Object: 'Object Repository/manajemenRole/btnManajemenRole' is clicked on

2022-11-03 22:42:02 - [MESSAGE][PASSED] - Object: 'Object Repository/manajemenRole/btnManajemenRole' is clicked on

2022-11-03 22:42:02 - [TEST_STEP][PASSED] - setText(findTestObject("manajemenRole/fieldSearchRole"), "bagRole"): Text 'bagRole' is set on object 'Object Repository/manajemenRole/fieldSearchRole'

2022-11-03 22:42:03 - [MESSAGE][PASSED] - Text 'bagRole' is set on object 'Object Repository/manajemenRole/fieldSearchRole'

2022-11-03 22:42:03 - [TEST_STEP][PASSED] - click(findTestObject("manajemenRole/btnSearchRole")): Object: 'Object Repository/manajemenRole/btnSearchRole' is clicked on

2022-11-03 22:42:03 - [MESSAGE][PASSED] - Object: 'Object Repository/manajemenRole/btnSearchRole' is clicked on

2022-11-03 22:42:03 - [TEST_STEP][PASSED] - click(findTestObject("manajemenRole/btnDetailRole")): Object: 'Object Repository/manajemenRole/btnDetailRole' is clicked on

2022-11-03 22:42:04 - [MESSAGE][PASSED] - Object: 'Object Repository/manajemenRole/btnDetailRole' is clicked on

2022-11-03 22:42:04 - [TEST_STEP][PASSED] - click(findTestObject("manajemenRole/btnEditRole")): Object: 'Object Repository/manajemenRole/btnEditRole' is clicked on

2022-11-03 22:42:05 - [MESSAGE][PASSED] - Object: 'Object Repository/manajemenRole/btnEditRole' is clicked on

2022-11-03 22:42:05 - [TEST_STEP][PASSED] - click(findTestObject("manajemenRole/checkAudit")): Object: 'Object Repository/manajemenRole/checkAudit' is clicked on

2022-11-03 22:42:05 - [MESSAGE][PASSED] - Object: 'Object Repository/manajemenRole/checkAudit' is clicked on

2022-11-03 22:42:05 - [TEST_STEP][PASSED] - click(findTestObject("manajemenRole/checkBatchCorrection")): Object: 'Object Repository/manajemenRole/checkBatchCorrection' is clicked on

2022-11-03 22:42:06 - [MESSAGE][PASSED] - Object: 'Object Repository/manajemenRole/checkBatchCorrection' is clicked on

2022-11-03 22:42:06 - [TEST_STEP][PASSED] - click(findTestObject("manajemenRole/checkEquipment")): Object: 'Object Repository/manajemenRole/checkEquipment' is clicked on

2022-11-03 22:42:06 - [MESSAGE][PASSED] - Object: 'Object Repository/manajemenRole/checkEquipment' is clicked on

2022-11-03 22:42:06 - [TEST_STEP][PASSED] - click(findTestObject("manajemenRole/checkFacility")): Object: 'Object Repository/manajemenRole/checkFacility' is clicked on

2022-11-03 22:42:07 - [MESSAGE][PASSED] - Object: 'Object Repository/manajemenRole/checkFacility' is clicked on

2022-11-03 22:42:07 - [TEST_STEP][PASSED] - click(findTestObject("manajemenRole/checkNieBatch")): Object: 'Object Repository/manajemenRole/checkNieBatch' is clicked on

2022-11-03 22:42:07 - [MESSAGE][PASSED] - Object: 'Object Repository/manajemenRole/checkNieBatch' is clicked on

2022-11-03 22:42:07 - [TEST_STEP][PASSED] - click(findTestObject("manajemenRole/checkSelisih")): Object: 'Object Repository/manajemenRole/checkSelisih' is clicked on

2022-11-03 22:42:08 - [MESSAGE][PASSED] - Object: 'Object Repository/manajemenRole/checkSelisih' is clicked on

2022-11-03 22:42:08 - [TEST_STEP][PASSED] - click(findTestObject("manajemenRole/btnOkSimpanRole")): Object: 'Object Repository/manajemenRole/btnOkSimpanRole' is clicked on

2022-11-03 22:42:08 - [MESSAGE][PASSED] - Object: 'Object Repository/manajemenRole/btnOkSimpanRole' is clicked on

2022-11-03 22:42:08 - [TEST_STEP][PASSED] - delay(3): Delayed 3 second(s)

2022-11-03 22:42:11 - [MESSAGE][PASSED] - Delayed 3 second(s)

2022-11-03 22:42:11 - [TEST_STEP][PASSED] - closeBrowser(): Browser is closed

2022-11-03 22:42:13 - [MESSAGE][PASSED] - Browser is closed]]></system-out>
         <system-err><![CDATA[]]></system-err>
      </testcase>
      <testcase name="Test Cases/crudRole/hapusRole" time="17.566" classname="Test Cases/crudRole/hapusRole" status="PASSED">
         <system-out><![CDATA[2022-11-03 22:42:13 - [TEST_CASE][PASSED] - Test Cases/crudRole/hapusRole: Test Cases/crudRole/hapusRole

2022-11-03 22:42:13 - [TEST_STEP][PASSED] - openBrowser("http://staging.radyalabs.id:7008/"): Browser is opened with url: 'http://staging.radyalabs.id:7008/'

2022-11-03 22:42:13 - [MESSAGE][INFO] - Starting 'Chrome' driver

2022-11-03 22:42:13 - [MESSAGE][INFO] - Action delay is set to 0 milliseconds

2022-11-03 22:42:17 - [MESSAGE][PASSED] - Browser is opened with url: 'http://staging.radyalabs.id:7008/'

2022-11-03 22:42:17 - [TEST_STEP][PASSED] - maximizeWindow(): Current window maximized

2022-11-03 22:42:17 - [MESSAGE][PASSED] - Current window maximized

2022-11-03 22:42:17 - [TEST_STEP][PASSED] - setText(findTestObject("loginElement/fieldUsername"), "sa"): Text 'sa' is set on object 'Object Repository/loginElement/fieldUsername'

2022-11-03 22:42:18 - [MESSAGE][PASSED] - Text 'sa' is set on object 'Object Repository/loginElement/fieldUsername'

2022-11-03 22:42:18 - [TEST_STEP][PASSED] - setText(findTestObject("loginElement/fieldPassword"), "qwerty@123"): Text 'qwerty@123' is set on object 'Object Repository/loginElement/fieldPassword'

2022-11-03 22:42:19 - [MESSAGE][PASSED] - Text 'qwerty@123' is set on object 'Object Repository/loginElement/fieldPassword'

2022-11-03 22:42:19 - [TEST_STEP][PASSED] - click(findTestObject("loginElement/btnMasuk")): Object: 'Object Repository/loginElement/btnMasuk' is clicked on

2022-11-03 22:42:19 - [MESSAGE][PASSED] - Object: 'Object Repository/loginElement/btnMasuk' is clicked on

2022-11-03 22:42:19 - [TEST_STEP][PASSED] - waitForElementClickable(findTestObject("masterCabang/btnCollapseMasterData"), 0): Object 'Object Repository/masterCabang/btnCollapseMasterData' is clickable

2022-11-03 22:42:19 - [MESSAGE][WARNING] - Timeout '0' is invalid. Using default page load timeout: '30'

2022-11-03 22:42:22 - [MESSAGE][PASSED] - Object 'Object Repository/masterCabang/btnCollapseMasterData' is clickable

2022-11-03 22:42:22 - [TEST_STEP][PASSED] - click(findTestObject("manajemenRole/btnManajemenRole")): Object: 'Object Repository/manajemenRole/btnManajemenRole' is clicked on

2022-11-03 22:42:22 - [MESSAGE][PASSED] - Object: 'Object Repository/manajemenRole/btnManajemenRole' is clicked on

2022-11-03 22:42:22 - [TEST_STEP][PASSED] - setText(findTestObject("manajemenRole/fieldSearchRole"), "bagRole"): Text 'bagRole' is set on object 'Object Repository/manajemenRole/fieldSearchRole'

2022-11-03 22:42:23 - [MESSAGE][PASSED] - Text 'bagRole' is set on object 'Object Repository/manajemenRole/fieldSearchRole'

2022-11-03 22:42:23 - [TEST_STEP][PASSED] - click(findTestObject("manajemenRole/btnSearchRole")): Object: 'Object Repository/manajemenRole/btnSearchRole' is clicked on

2022-11-03 22:42:24 - [MESSAGE][PASSED] - Object: 'Object Repository/manajemenRole/btnSearchRole' is clicked on

2022-11-03 22:42:24 - [TEST_STEP][PASSED] - click(findTestObject("manajemenRole/btnDetailRole")): Object: 'Object Repository/manajemenRole/btnDetailRole' is clicked on

2022-11-03 22:42:25 - [MESSAGE][PASSED] - Object: 'Object Repository/manajemenRole/btnDetailRole' is clicked on

2022-11-03 22:42:25 - [TEST_STEP][PASSED] - click(findTestObject("manajemenRole/btnHapusRole")): Object: 'Object Repository/manajemenRole/btnHapusRole' is clicked on

2022-11-03 22:42:25 - [MESSAGE][PASSED] - Object: 'Object Repository/manajemenRole/btnHapusRole' is clicked on

2022-11-03 22:42:25 - [TEST_STEP][PASSED] - click(findTestObject("manajemenRole/btnOkHapusRole")): Object: 'Object Repository/manajemenRole/btnOkHapusRole' is clicked on

2022-11-03 22:42:26 - [MESSAGE][PASSED] - Object: 'Object Repository/manajemenRole/btnOkHapusRole' is clicked on

2022-11-03 22:42:26 - [TEST_STEP][PASSED] - delay(3): Delayed 3 second(s)

2022-11-03 22:42:29 - [MESSAGE][PASSED] - Delayed 3 second(s)

2022-11-03 22:42:29 - [TEST_STEP][PASSED] - closeBrowser(): Browser is closed

2022-11-03 22:42:30 - [MESSAGE][PASSED] - Browser is closed]]></system-out>
         <system-err><![CDATA[]]></system-err>
      </testcase>
      <testcase name="Test Cases/crudRole/succeessCreateNIE" time="15.552" classname="Test Cases/crudRole/succeessCreateNIE" status="PASSED">
         <system-out><![CDATA[2022-11-03 22:42:30 - [TEST_CASE][PASSED] - Test Cases/crudRole/succeessCreateNIE: Test Cases/crudRole/succeessCreateNIE

2022-11-03 22:42:30 - [TEST_STEP][PASSED] - openBrowser("http://staging.radyalabs.id:7008/"): Browser is opened with url: 'http://staging.radyalabs.id:7008/'

2022-11-03 22:42:30 - [MESSAGE][INFO] - Starting 'Chrome' driver

2022-11-03 22:42:30 - [MESSAGE][INFO] - Action delay is set to 0 milliseconds

2022-11-03 22:42:33 - [MESSAGE][PASSED] - Browser is opened with url: 'http://staging.radyalabs.id:7008/'

2022-11-03 22:42:33 - [TEST_STEP][PASSED] - maximizeWindow(): Current window maximized

2022-11-03 22:42:33 - [MESSAGE][PASSED] - Current window maximized

2022-11-03 22:42:33 - [TEST_STEP][PASSED] - setText(findTestObject("loginElement/fieldUsername"), "sa"): Text 'sa' is set on object 'Object Repository/loginElement/fieldUsername'

2022-11-03 22:42:34 - [MESSAGE][PASSED] - Text 'sa' is set on object 'Object Repository/loginElement/fieldUsername'

2022-11-03 22:42:34 - [TEST_STEP][PASSED] - setText(findTestObject("loginElement/fieldPassword"), "qwerty@123"): Text 'qwerty@123' is set on object 'Object Repository/loginElement/fieldPassword'

2022-11-03 22:42:35 - [MESSAGE][PASSED] - Text 'qwerty@123' is set on object 'Object Repository/loginElement/fieldPassword'

2022-11-03 22:42:35 - [TEST_STEP][PASSED] - click(findTestObject("loginElement/btnMasuk")): Object: 'Object Repository/loginElement/btnMasuk' is clicked on

2022-11-03 22:42:35 - [MESSAGE][PASSED] - Object: 'Object Repository/loginElement/btnMasuk' is clicked on

2022-11-03 22:42:35 - [TEST_STEP][PASSED] - waitForElementClickable(findTestObject("masterCabang/btnCollapseMasterData"), 0): Object 'Object Repository/masterCabang/btnCollapseMasterData' is clickable

2022-11-03 22:42:35 - [MESSAGE][WARNING] - Timeout '0' is invalid. Using default page load timeout: '30'

2022-11-03 22:42:37 - [MESSAGE][PASSED] - Object 'Object Repository/masterCabang/btnCollapseMasterData' is clickable

2022-11-03 22:42:37 - [TEST_STEP][PASSED] - click(findTestObject("manajemenRole/btnManajemenRole")): Object: 'Object Repository/manajemenRole/btnManajemenRole' is clicked on

2022-11-03 22:42:38 - [MESSAGE][PASSED] - Object: 'Object Repository/manajemenRole/btnManajemenRole' is clicked on

2022-11-03 22:42:38 - [TEST_STEP][PASSED] - click(findTestObject("manajemenRole/btnTambahRole")): Object: 'Object Repository/manajemenRole/btnTambahRole' is clicked on

2022-11-03 22:42:39 - [MESSAGE][PASSED] - Object: 'Object Repository/manajemenRole/btnTambahRole' is clicked on

2022-11-03 22:42:39 - [TEST_STEP][PASSED] - setText(findTestObject("manajemenRole/fieldIdRole"), "bagCreateNIE"): Text 'bagCreateNIE' is set on object 'Object Repository/manajemenRole/fieldIdRole'

2022-11-03 22:42:40 - [MESSAGE][PASSED] - Text 'bagCreateNIE' is set on object 'Object Repository/manajemenRole/fieldIdRole'

2022-11-03 22:42:40 - [TEST_STEP][PASSED] - setText(findTestObject("manajemenRole/fieldNamaRole"), "bagusCreateNIE"): Text 'bagusCreateNIE' is set on object 'Object Repository/manajemenRole/fieldNamaRole'

2022-11-03 22:42:41 - [MESSAGE][PASSED] - Text 'bagusCreateNIE' is set on object 'Object Repository/manajemenRole/fieldNamaRole'

2022-11-03 22:42:41 - [TEST_STEP][PASSED] - click(findTestObject("manajemenRole/checkNieBatch")): Object: 'Object Repository/manajemenRole/checkNieBatch' is clicked on

2022-11-03 22:42:41 - [MESSAGE][PASSED] - Object: 'Object Repository/manajemenRole/checkNieBatch' is clicked on

2022-11-03 22:42:41 - [TEST_STEP][PASSED] - click(findTestObject("manajemenRole/btnSimpanRole")): Object: 'Object Repository/manajemenRole/btnSimpanRole' is clicked on

2022-11-03 22:42:42 - [MESSAGE][PASSED] - Object: 'Object Repository/manajemenRole/btnSimpanRole' is clicked on

2022-11-03 22:42:42 - [TEST_STEP][PASSED] - delay(3): Delayed 3 second(s)

2022-11-03 22:42:45 - [MESSAGE][PASSED] - Delayed 3 second(s)

2022-11-03 22:42:45 - [TEST_STEP][PASSED] - closeBrowser(): Browser is closed

2022-11-03 22:42:46 - [MESSAGE][PASSED] - Browser is closed]]></system-out>
         <system-err><![CDATA[]]></system-err>
      </testcase>
      <testcase name="Test Cases/crudRole/successCreateAudit" time="14.602" classname="Test Cases/crudRole/successCreateAudit" status="PASSED">
         <system-out><![CDATA[2022-11-03 22:42:46 - [TEST_CASE][PASSED] - Test Cases/crudRole/successCreateAudit: Test Cases/crudRole/successCreateAudit

2022-11-03 22:42:46 - [TEST_STEP][PASSED] - openBrowser("http://staging.radyalabs.id:7008/"): Browser is opened with url: 'http://staging.radyalabs.id:7008/'

2022-11-03 22:42:46 - [MESSAGE][INFO] - Starting 'Chrome' driver

2022-11-03 22:42:46 - [MESSAGE][INFO] - Action delay is set to 0 milliseconds

2022-11-03 22:42:49 - [MESSAGE][PASSED] - Browser is opened with url: 'http://staging.radyalabs.id:7008/'

2022-11-03 22:42:49 - [TEST_STEP][PASSED] - maximizeWindow(): Current window maximized

2022-11-03 22:42:49 - [MESSAGE][PASSED] - Current window maximized

2022-11-03 22:42:49 - [TEST_STEP][PASSED] - setText(findTestObject("loginElement/fieldUsername"), "sa"): Text 'sa' is set on object 'Object Repository/loginElement/fieldUsername'

2022-11-03 22:42:50 - [MESSAGE][PASSED] - Text 'sa' is set on object 'Object Repository/loginElement/fieldUsername'

2022-11-03 22:42:50 - [TEST_STEP][PASSED] - setText(findTestObject("loginElement/fieldPassword"), "qwerty@123"): Text 'qwerty@123' is set on object 'Object Repository/loginElement/fieldPassword'

2022-11-03 22:42:50 - [MESSAGE][PASSED] - Text 'qwerty@123' is set on object 'Object Repository/loginElement/fieldPassword'

2022-11-03 22:42:50 - [TEST_STEP][PASSED] - click(findTestObject("loginElement/btnMasuk")): Object: 'Object Repository/loginElement/btnMasuk' is clicked on

2022-11-03 22:42:51 - [MESSAGE][PASSED] - Object: 'Object Repository/loginElement/btnMasuk' is clicked on

2022-11-03 22:42:51 - [TEST_STEP][PASSED] - waitForElementClickable(findTestObject("masterCabang/btnCollapseMasterData"), 0): Object 'Object Repository/masterCabang/btnCollapseMasterData' is clickable

2022-11-03 22:42:51 - [MESSAGE][WARNING] - Timeout '0' is invalid. Using default page load timeout: '30'

2022-11-03 22:42:53 - [MESSAGE][PASSED] - Object 'Object Repository/masterCabang/btnCollapseMasterData' is clickable

2022-11-03 22:42:53 - [TEST_STEP][PASSED] - click(findTestObject("manajemenRole/btnManajemenRole")): Object: 'Object Repository/manajemenRole/btnManajemenRole' is clicked on

2022-11-03 22:42:53 - [MESSAGE][PASSED] - Object: 'Object Repository/manajemenRole/btnManajemenRole' is clicked on

2022-11-03 22:42:53 - [TEST_STEP][PASSED] - click(findTestObject("manajemenRole/btnTambahRole")): Object: 'Object Repository/manajemenRole/btnTambahRole' is clicked on

2022-11-03 22:42:54 - [MESSAGE][PASSED] - Object: 'Object Repository/manajemenRole/btnTambahRole' is clicked on

2022-11-03 22:42:54 - [TEST_STEP][PASSED] - setText(findTestObject("manajemenRole/fieldIdRole"), "bagAud"): Text 'bagAud' is set on object 'Object Repository/manajemenRole/fieldIdRole'

2022-11-03 22:42:55 - [MESSAGE][PASSED] - Text 'bagAud' is set on object 'Object Repository/manajemenRole/fieldIdRole'

2022-11-03 22:42:55 - [TEST_STEP][PASSED] - setText(findTestObject("manajemenRole/fieldNamaRole"), "bagAud"): Text 'bagAud' is set on object 'Object Repository/manajemenRole/fieldNamaRole'

2022-11-03 22:42:56 - [MESSAGE][PASSED] - Text 'bagAud' is set on object 'Object Repository/manajemenRole/fieldNamaRole'

2022-11-03 22:42:56 - [TEST_STEP][PASSED] - click(findTestObject("manajemenRole/checkAudit")): Object: 'Object Repository/manajemenRole/checkAudit' is clicked on

2022-11-03 22:42:56 - [MESSAGE][PASSED] - Object: 'Object Repository/manajemenRole/checkAudit' is clicked on

2022-11-03 22:42:56 - [TEST_STEP][PASSED] - click(findTestObject("manajemenRole/btnSimpanRole")): Object: 'Object Repository/manajemenRole/btnSimpanRole' is clicked on

2022-11-03 22:42:56 - [MESSAGE][PASSED] - Object: 'Object Repository/manajemenRole/btnSimpanRole' is clicked on

2022-11-03 22:42:56 - [TEST_STEP][PASSED] - delay(3): Delayed 3 second(s)

2022-11-03 22:42:59 - [MESSAGE][PASSED] - Delayed 3 second(s)

2022-11-03 22:42:59 - [TEST_STEP][PASSED] - closeBrowser(): Browser is closed

2022-11-03 22:43:00 - [MESSAGE][PASSED] - Browser is closed]]></system-out>
         <system-err><![CDATA[]]></system-err>
      </testcase>
      <testcase name="Test Cases/crudRole/successCreateBatchCorrection" time="15.234" classname="Test Cases/crudRole/successCreateBatchCorrection" status="PASSED">
         <system-out><![CDATA[2022-11-03 22:43:00 - [TEST_CASE][PASSED] - Test Cases/crudRole/successCreateBatchCorrection: Test Cases/crudRole/successCreateBatchCorrection

2022-11-03 22:43:01 - [TEST_STEP][PASSED] - openBrowser("http://staging.radyalabs.id:7008/"): Browser is opened with url: 'http://staging.radyalabs.id:7008/'

2022-11-03 22:43:01 - [MESSAGE][INFO] - Starting 'Chrome' driver

2022-11-03 22:43:01 - [MESSAGE][INFO] - Action delay is set to 0 milliseconds

2022-11-03 22:43:03 - [MESSAGE][PASSED] - Browser is opened with url: 'http://staging.radyalabs.id:7008/'

2022-11-03 22:43:03 - [TEST_STEP][PASSED] - maximizeWindow(): Current window maximized

2022-11-03 22:43:04 - [MESSAGE][PASSED] - Current window maximized

2022-11-03 22:43:04 - [TEST_STEP][PASSED] - setText(findTestObject("loginElement/fieldUsername"), "sa"): Text 'sa' is set on object 'Object Repository/loginElement/fieldUsername'

2022-11-03 22:43:04 - [MESSAGE][PASSED] - Text 'sa' is set on object 'Object Repository/loginElement/fieldUsername'

2022-11-03 22:43:04 - [TEST_STEP][PASSED] - setText(findTestObject("loginElement/fieldPassword"), "qwerty@123"): Text 'qwerty@123' is set on object 'Object Repository/loginElement/fieldPassword'

2022-11-03 22:43:05 - [MESSAGE][PASSED] - Text 'qwerty@123' is set on object 'Object Repository/loginElement/fieldPassword'

2022-11-03 22:43:05 - [TEST_STEP][PASSED] - click(findTestObject("loginElement/btnMasuk")): Object: 'Object Repository/loginElement/btnMasuk' is clicked on

2022-11-03 22:43:05 - [MESSAGE][PASSED] - Object: 'Object Repository/loginElement/btnMasuk' is clicked on

2022-11-03 22:43:05 - [TEST_STEP][PASSED] - waitForElementClickable(findTestObject("masterCabang/btnCollapseMasterData"), 0): Object 'Object Repository/masterCabang/btnCollapseMasterData' is clickable

2022-11-03 22:43:06 - [MESSAGE][WARNING] - Timeout '0' is invalid. Using default page load timeout: '30'

2022-11-03 22:43:07 - [MESSAGE][PASSED] - Object 'Object Repository/masterCabang/btnCollapseMasterData' is clickable

2022-11-03 22:43:07 - [TEST_STEP][PASSED] - click(findTestObject("manajemenRole/btnManajemenRole")): Object: 'Object Repository/manajemenRole/btnManajemenRole' is clicked on

2022-11-03 22:43:08 - [MESSAGE][PASSED] - Object: 'Object Repository/manajemenRole/btnManajemenRole' is clicked on

2022-11-03 22:43:08 - [TEST_STEP][PASSED] - click(findTestObject("manajemenRole/btnTambahRole")): Object: 'Object Repository/manajemenRole/btnTambahRole' is clicked on

2022-11-03 22:43:08 - [MESSAGE][PASSED] - Object: 'Object Repository/manajemenRole/btnTambahRole' is clicked on

2022-11-03 22:43:08 - [TEST_STEP][PASSED] - setText(findTestObject("manajemenRole/fieldIdRole"), "bagBatCo"): Text 'bagBatCo' is set on object 'Object Repository/manajemenRole/fieldIdRole'

2022-11-03 22:43:10 - [MESSAGE][PASSED] - Text 'bagBatCo' is set on object 'Object Repository/manajemenRole/fieldIdRole'

2022-11-03 22:43:10 - [TEST_STEP][PASSED] - setText(findTestObject("manajemenRole/fieldNamaRole"), "bagBatCo"): Text 'bagBatCo' is set on object 'Object Repository/manajemenRole/fieldNamaRole'

2022-11-03 22:43:11 - [MESSAGE][PASSED] - Text 'bagBatCo' is set on object 'Object Repository/manajemenRole/fieldNamaRole'

2022-11-03 22:43:11 - [TEST_STEP][PASSED] - click(findTestObject("manajemenRole/checkBatchCorrection")): Object: 'Object Repository/manajemenRole/checkBatchCorrection' is clicked on

2022-11-03 22:43:11 - [MESSAGE][PASSED] - Object: 'Object Repository/manajemenRole/checkBatchCorrection' is clicked on

2022-11-03 22:43:11 - [TEST_STEP][PASSED] - click(findTestObject("manajemenRole/btnSimpanRole")): Object: 'Object Repository/manajemenRole/btnSimpanRole' is clicked on

2022-11-03 22:43:12 - [MESSAGE][PASSED] - Object: 'Object Repository/manajemenRole/btnSimpanRole' is clicked on

2022-11-03 22:43:12 - [TEST_STEP][PASSED] - delay(3): Delayed 3 second(s)

2022-11-03 22:43:15 - [MESSAGE][PASSED] - Delayed 3 second(s)

2022-11-03 22:43:15 - [TEST_STEP][PASSED] - closeBrowser(): Browser is closed

2022-11-03 22:43:15 - [MESSAGE][PASSED] - Browser is closed]]></system-out>
         <system-err><![CDATA[]]></system-err>
      </testcase>
      <testcase name="Test Cases/crudRole/successCreateEmptyRole" time="14.734" classname="Test Cases/crudRole/successCreateEmptyRole" status="PASSED">
         <system-out><![CDATA[2022-11-03 22:43:16 - [TEST_CASE][PASSED] - Test Cases/crudRole/successCreateEmptyRole: Test Cases/crudRole/successCreateEmptyRole

2022-11-03 22:43:16 - [TEST_STEP][PASSED] - openBrowser("http://staging.radyalabs.id:7008/"): Browser is opened with url: 'http://staging.radyalabs.id:7008/'

2022-11-03 22:43:16 - [MESSAGE][INFO] - Starting 'Chrome' driver

2022-11-03 22:43:16 - [MESSAGE][INFO] - Action delay is set to 0 milliseconds

2022-11-03 22:43:19 - [MESSAGE][PASSED] - Browser is opened with url: 'http://staging.radyalabs.id:7008/'

2022-11-03 22:43:19 - [TEST_STEP][PASSED] - maximizeWindow(): Current window maximized

2022-11-03 22:43:19 - [MESSAGE][PASSED] - Current window maximized

2022-11-03 22:43:19 - [TEST_STEP][PASSED] - setText(findTestObject("loginElement/fieldUsername"), "sa"): Text 'sa' is set on object 'Object Repository/loginElement/fieldUsername'

2022-11-03 22:43:20 - [MESSAGE][PASSED] - Text 'sa' is set on object 'Object Repository/loginElement/fieldUsername'

2022-11-03 22:43:20 - [TEST_STEP][PASSED] - setText(findTestObject("loginElement/fieldPassword"), "qwerty@123"): Text 'qwerty@123' is set on object 'Object Repository/loginElement/fieldPassword'

2022-11-03 22:43:20 - [MESSAGE][PASSED] - Text 'qwerty@123' is set on object 'Object Repository/loginElement/fieldPassword'

2022-11-03 22:43:20 - [TEST_STEP][PASSED] - click(findTestObject("loginElement/btnMasuk")): Object: 'Object Repository/loginElement/btnMasuk' is clicked on

2022-11-03 22:43:21 - [MESSAGE][PASSED] - Object: 'Object Repository/loginElement/btnMasuk' is clicked on

2022-11-03 22:43:21 - [TEST_STEP][PASSED] - waitForElementClickable(findTestObject("masterCabang/btnCollapseMasterData"), 0): Object 'Object Repository/masterCabang/btnCollapseMasterData' is clickable

2022-11-03 22:43:21 - [MESSAGE][WARNING] - Timeout '0' is invalid. Using default page load timeout: '30'

2022-11-03 22:43:23 - [MESSAGE][PASSED] - Object 'Object Repository/masterCabang/btnCollapseMasterData' is clickable

2022-11-03 22:43:23 - [TEST_STEP][PASSED] - click(findTestObject("manajemenRole/btnManajemenRole")): Object: 'Object Repository/manajemenRole/btnManajemenRole' is clicked on

2022-11-03 22:43:23 - [MESSAGE][PASSED] - Object: 'Object Repository/manajemenRole/btnManajemenRole' is clicked on

2022-11-03 22:43:23 - [TEST_STEP][PASSED] - click(findTestObject("manajemenRole/btnTambahRole")): Object: 'Object Repository/manajemenRole/btnTambahRole' is clicked on

2022-11-03 22:43:24 - [MESSAGE][PASSED] - Object: 'Object Repository/manajemenRole/btnTambahRole' is clicked on

2022-11-03 22:43:24 - [TEST_STEP][PASSED] - setText(findTestObject("manajemenRole/fieldIdRole"), "bagEmp"): Text 'bagEmp' is set on object 'Object Repository/manajemenRole/fieldIdRole'

2022-11-03 22:43:25 - [MESSAGE][PASSED] - Text 'bagEmp' is set on object 'Object Repository/manajemenRole/fieldIdRole'

2022-11-03 22:43:25 - [TEST_STEP][PASSED] - setText(findTestObject("manajemenRole/fieldNamaRole"), "bagEmp"): Text 'bagEmp' is set on object 'Object Repository/manajemenRole/fieldNamaRole'

2022-11-03 22:43:26 - [MESSAGE][PASSED] - Text 'bagEmp' is set on object 'Object Repository/manajemenRole/fieldNamaRole'

2022-11-03 22:43:26 - [TEST_STEP][PASSED] - click(findTestObject("manajemenRole/btnSimpanRole")): Object: 'Object Repository/manajemenRole/btnSimpanRole' is clicked on

2022-11-03 22:43:26 - [MESSAGE][PASSED] - Object: 'Object Repository/manajemenRole/btnSimpanRole' is clicked on

2022-11-03 22:43:26 - [TEST_STEP][PASSED] - delay(3): Delayed 3 second(s)

2022-11-03 22:43:29 - [MESSAGE][PASSED] - Delayed 3 second(s)

2022-11-03 22:43:29 - [TEST_STEP][PASSED] - closeBrowser(): Browser is closed

2022-11-03 22:43:30 - [MESSAGE][PASSED] - Browser is closed]]></system-out>
         <system-err><![CDATA[]]></system-err>
      </testcase>
      <testcase name="Test Cases/crudRole/successCreateEquipment" time="15.103" classname="Test Cases/crudRole/successCreateEquipment" status="PASSED">
         <system-out><![CDATA[2022-11-03 22:43:30 - [TEST_CASE][PASSED] - Test Cases/crudRole/successCreateEquipment: Test Cases/crudRole/successCreateEquipment

2022-11-03 22:43:30 - [TEST_STEP][PASSED] - openBrowser("http://staging.radyalabs.id:7008/"): Browser is opened with url: 'http://staging.radyalabs.id:7008/'

2022-11-03 22:43:30 - [MESSAGE][INFO] - Starting 'Chrome' driver

2022-11-03 22:43:30 - [MESSAGE][INFO] - Action delay is set to 0 milliseconds

2022-11-03 22:43:33 - [MESSAGE][PASSED] - Browser is opened with url: 'http://staging.radyalabs.id:7008/'

2022-11-03 22:43:33 - [TEST_STEP][PASSED] - maximizeWindow(): Current window maximized

2022-11-03 22:43:33 - [MESSAGE][PASSED] - Current window maximized

2022-11-03 22:43:33 - [TEST_STEP][PASSED] - setText(findTestObject("loginElement/fieldUsername"), "sa"): Text 'sa' is set on object 'Object Repository/loginElement/fieldUsername'

2022-11-03 22:43:34 - [MESSAGE][PASSED] - Text 'sa' is set on object 'Object Repository/loginElement/fieldUsername'

2022-11-03 22:43:34 - [TEST_STEP][PASSED] - setText(findTestObject("loginElement/fieldPassword"), "qwerty@123"): Text 'qwerty@123' is set on object 'Object Repository/loginElement/fieldPassword'

2022-11-03 22:43:35 - [MESSAGE][PASSED] - Text 'qwerty@123' is set on object 'Object Repository/loginElement/fieldPassword'

2022-11-03 22:43:35 - [TEST_STEP][PASSED] - click(findTestObject("loginElement/btnMasuk")): Object: 'Object Repository/loginElement/btnMasuk' is clicked on

2022-11-03 22:43:36 - [MESSAGE][PASSED] - Object: 'Object Repository/loginElement/btnMasuk' is clicked on

2022-11-03 22:43:36 - [TEST_STEP][PASSED] - waitForElementClickable(findTestObject("masterCabang/btnCollapseMasterData"), 0): Object 'Object Repository/masterCabang/btnCollapseMasterData' is clickable

2022-11-03 22:43:36 - [MESSAGE][WARNING] - Timeout '0' is invalid. Using default page load timeout: '30'

2022-11-03 22:43:37 - [MESSAGE][PASSED] - Object 'Object Repository/masterCabang/btnCollapseMasterData' is clickable

2022-11-03 22:43:37 - [TEST_STEP][PASSED] - click(findTestObject("manajemenRole/btnManajemenRole")): Object: 'Object Repository/manajemenRole/btnManajemenRole' is clicked on

2022-11-03 22:43:38 - [MESSAGE][PASSED] - Object: 'Object Repository/manajemenRole/btnManajemenRole' is clicked on

2022-11-03 22:43:38 - [TEST_STEP][PASSED] - click(findTestObject("manajemenRole/btnTambahRole")): Object: 'Object Repository/manajemenRole/btnTambahRole' is clicked on

2022-11-03 22:43:39 - [MESSAGE][PASSED] - Object: 'Object Repository/manajemenRole/btnTambahRole' is clicked on

2022-11-03 22:43:39 - [TEST_STEP][PASSED] - setText(findTestObject("manajemenRole/fieldIdRole"), "bagEqu"): Text 'bagEqu' is set on object 'Object Repository/manajemenRole/fieldIdRole'

2022-11-03 22:43:40 - [MESSAGE][PASSED] - Text 'bagEqu' is set on object 'Object Repository/manajemenRole/fieldIdRole'

2022-11-03 22:43:40 - [TEST_STEP][PASSED] - setText(findTestObject("manajemenRole/fieldNamaRole"), "bagEqu"): Text 'bagEqu' is set on object 'Object Repository/manajemenRole/fieldNamaRole'

2022-11-03 22:43:41 - [MESSAGE][PASSED] - Text 'bagEqu' is set on object 'Object Repository/manajemenRole/fieldNamaRole'

2022-11-03 22:43:41 - [TEST_STEP][PASSED] - click(findTestObject("manajemenRole/checkEquipment")): Object: 'Object Repository/manajemenRole/checkEquipment' is clicked on

2022-11-03 22:43:41 - [MESSAGE][PASSED] - Object: 'Object Repository/manajemenRole/checkEquipment' is clicked on

2022-11-03 22:43:41 - [TEST_STEP][PASSED] - click(findTestObject("manajemenRole/btnSimpanRole")): Object: 'Object Repository/manajemenRole/btnSimpanRole' is clicked on

2022-11-03 22:43:41 - [MESSAGE][PASSED] - Object: 'Object Repository/manajemenRole/btnSimpanRole' is clicked on

2022-11-03 22:43:41 - [TEST_STEP][PASSED] - delay(3): Delayed 3 second(s)

2022-11-03 22:43:44 - [MESSAGE][PASSED] - Delayed 3 second(s)

2022-11-03 22:43:44 - [TEST_STEP][PASSED] - closeBrowser(): Browser is closed

2022-11-03 22:43:45 - [MESSAGE][PASSED] - Browser is closed]]></system-out>
         <system-err><![CDATA[]]></system-err>
      </testcase>
      <testcase name="Test Cases/crudRole/successCreateFacility" time="15.004" classname="Test Cases/crudRole/successCreateFacility" status="PASSED">
         <system-out><![CDATA[2022-11-03 22:43:45 - [TEST_CASE][PASSED] - Test Cases/crudRole/successCreateFacility: Test Cases/crudRole/successCreateFacility

2022-11-03 22:43:46 - [TEST_STEP][PASSED] - openBrowser("http://staging.radyalabs.id:7008/"): Browser is opened with url: 'http://staging.radyalabs.id:7008/'

2022-11-03 22:43:46 - [MESSAGE][INFO] - Starting 'Chrome' driver

2022-11-03 22:43:46 - [MESSAGE][INFO] - Action delay is set to 0 milliseconds

2022-11-03 22:43:48 - [MESSAGE][PASSED] - Browser is opened with url: 'http://staging.radyalabs.id:7008/'

2022-11-03 22:43:48 - [TEST_STEP][PASSED] - maximizeWindow(): Current window maximized

2022-11-03 22:43:49 - [MESSAGE][PASSED] - Current window maximized

2022-11-03 22:43:49 - [TEST_STEP][PASSED] - setText(findTestObject("loginElement/fieldUsername"), "sa"): Text 'sa' is set on object 'Object Repository/loginElement/fieldUsername'

2022-11-03 22:43:49 - [MESSAGE][PASSED] - Text 'sa' is set on object 'Object Repository/loginElement/fieldUsername'

2022-11-03 22:43:49 - [TEST_STEP][PASSED] - setText(findTestObject("loginElement/fieldPassword"), "qwerty@123"): Text 'qwerty@123' is set on object 'Object Repository/loginElement/fieldPassword'

2022-11-03 22:43:50 - [MESSAGE][PASSED] - Text 'qwerty@123' is set on object 'Object Repository/loginElement/fieldPassword'

2022-11-03 22:43:50 - [TEST_STEP][PASSED] - click(findTestObject("loginElement/btnMasuk")): Object: 'Object Repository/loginElement/btnMasuk' is clicked on

2022-11-03 22:43:51 - [MESSAGE][PASSED] - Object: 'Object Repository/loginElement/btnMasuk' is clicked on

2022-11-03 22:43:51 - [TEST_STEP][PASSED] - waitForElementClickable(findTestObject("masterCabang/btnCollapseMasterData"), 0): Object 'Object Repository/masterCabang/btnCollapseMasterData' is clickable

2022-11-03 22:43:51 - [MESSAGE][WARNING] - Timeout '0' is invalid. Using default page load timeout: '30'

2022-11-03 22:43:53 - [MESSAGE][PASSED] - Object 'Object Repository/masterCabang/btnCollapseMasterData' is clickable

2022-11-03 22:43:53 - [TEST_STEP][PASSED] - click(findTestObject("manajemenRole/btnManajemenRole")): Object: 'Object Repository/manajemenRole/btnManajemenRole' is clicked on

2022-11-03 22:43:53 - [MESSAGE][PASSED] - Object: 'Object Repository/manajemenRole/btnManajemenRole' is clicked on

2022-11-03 22:43:53 - [TEST_STEP][PASSED] - click(findTestObject("manajemenRole/btnTambahRole")): Object: 'Object Repository/manajemenRole/btnTambahRole' is clicked on

2022-11-03 22:43:54 - [MESSAGE][PASSED] - Object: 'Object Repository/manajemenRole/btnTambahRole' is clicked on

2022-11-03 22:43:54 - [TEST_STEP][PASSED] - setText(findTestObject("manajemenRole/fieldIdRole"), "bagFacc"): Text 'bagFacc' is set on object 'Object Repository/manajemenRole/fieldIdRole'

2022-11-03 22:43:55 - [MESSAGE][PASSED] - Text 'bagFacc' is set on object 'Object Repository/manajemenRole/fieldIdRole'

2022-11-03 22:43:55 - [TEST_STEP][PASSED] - setText(findTestObject("manajemenRole/fieldNamaRole"), "bagFacc"): Text 'bagFacc' is set on object 'Object Repository/manajemenRole/fieldNamaRole'

2022-11-03 22:43:55 - [MESSAGE][PASSED] - Text 'bagFacc' is set on object 'Object Repository/manajemenRole/fieldNamaRole'

2022-11-03 22:43:55 - [TEST_STEP][PASSED] - click(findTestObject("manajemenRole/checkFacility")): Object: 'Object Repository/manajemenRole/checkFacility' is clicked on

2022-11-03 22:43:56 - [MESSAGE][PASSED] - Object: 'Object Repository/manajemenRole/checkFacility' is clicked on

2022-11-03 22:43:56 - [TEST_STEP][PASSED] - click(findTestObject("manajemenRole/btnSimpanRole")): Object: 'Object Repository/manajemenRole/btnSimpanRole' is clicked on

2022-11-03 22:43:56 - [MESSAGE][PASSED] - Object: 'Object Repository/manajemenRole/btnSimpanRole' is clicked on

2022-11-03 22:43:56 - [TEST_STEP][PASSED] - delay(3): Delayed 3 second(s)

2022-11-03 22:43:59 - [MESSAGE][PASSED] - Delayed 3 second(s)

2022-11-03 22:43:59 - [TEST_STEP][PASSED] - closeBrowser(): Browser is closed

2022-11-03 22:44:00 - [MESSAGE][PASSED] - Browser is closed]]></system-out>
         <system-err><![CDATA[]]></system-err>
      </testcase>
      <testcase name="Test Cases/crudRole/successCreateSelisih" time="17.019" classname="Test Cases/crudRole/successCreateSelisih" status="PASSED">
         <system-out><![CDATA[2022-11-03 22:44:00 - [TEST_CASE][PASSED] - Test Cases/crudRole/successCreateSelisih: Test Cases/crudRole/successCreateSelisih

2022-11-03 22:44:01 - [TEST_STEP][PASSED] - openBrowser("http://staging.radyalabs.id:7008/"): Browser is opened with url: 'http://staging.radyalabs.id:7008/'

2022-11-03 22:44:01 - [MESSAGE][INFO] - Starting 'Chrome' driver

2022-11-03 22:44:01 - [MESSAGE][INFO] - Action delay is set to 0 milliseconds

2022-11-03 22:44:05 - [MESSAGE][PASSED] - Browser is opened with url: 'http://staging.radyalabs.id:7008/'

2022-11-03 22:44:05 - [TEST_STEP][PASSED] - maximizeWindow(): Current window maximized

2022-11-03 22:44:05 - [MESSAGE][PASSED] - Current window maximized

2022-11-03 22:44:05 - [TEST_STEP][PASSED] - setText(findTestObject("loginElement/fieldUsername"), "sa"): Text 'sa' is set on object 'Object Repository/loginElement/fieldUsername'

2022-11-03 22:44:06 - [MESSAGE][PASSED] - Text 'sa' is set on object 'Object Repository/loginElement/fieldUsername'

2022-11-03 22:44:06 - [TEST_STEP][PASSED] - setText(findTestObject("loginElement/fieldPassword"), "qwerty@123"): Text 'qwerty@123' is set on object 'Object Repository/loginElement/fieldPassword'

2022-11-03 22:44:06 - [MESSAGE][PASSED] - Text 'qwerty@123' is set on object 'Object Repository/loginElement/fieldPassword'

2022-11-03 22:44:06 - [TEST_STEP][PASSED] - click(findTestObject("loginElement/btnMasuk")): Object: 'Object Repository/loginElement/btnMasuk' is clicked on

2022-11-03 22:44:07 - [MESSAGE][PASSED] - Object: 'Object Repository/loginElement/btnMasuk' is clicked on

2022-11-03 22:44:07 - [TEST_STEP][PASSED] - waitForElementClickable(findTestObject("masterCabang/btnCollapseMasterData"), 0): Object 'Object Repository/masterCabang/btnCollapseMasterData' is clickable

2022-11-03 22:44:07 - [MESSAGE][WARNING] - Timeout '0' is invalid. Using default page load timeout: '30'

2022-11-03 22:44:09 - [MESSAGE][PASSED] - Object 'Object Repository/masterCabang/btnCollapseMasterData' is clickable

2022-11-03 22:44:09 - [TEST_STEP][PASSED] - click(findTestObject("manajemenRole/btnManajemenRole")): Object: 'Object Repository/manajemenRole/btnManajemenRole' is clicked on

2022-11-03 22:44:10 - [MESSAGE][PASSED] - Object: 'Object Repository/manajemenRole/btnManajemenRole' is clicked on

2022-11-03 22:44:10 - [TEST_STEP][PASSED] - click(findTestObject("manajemenRole/btnTambahRole")): Object: 'Object Repository/manajemenRole/btnTambahRole' is clicked on

2022-11-03 22:44:10 - [MESSAGE][PASSED] - Object: 'Object Repository/manajemenRole/btnTambahRole' is clicked on

2022-11-03 22:44:10 - [TEST_STEP][PASSED] - setText(findTestObject("manajemenRole/fieldIdRole"), "bagSeli"): Text 'bagSeli' is set on object 'Object Repository/manajemenRole/fieldIdRole'

2022-11-03 22:44:12 - [MESSAGE][PASSED] - Text 'bagSeli' is set on object 'Object Repository/manajemenRole/fieldIdRole'

2022-11-03 22:44:12 - [TEST_STEP][PASSED] - setText(findTestObject("manajemenRole/fieldNamaRole"), "bagSeli"): Text 'bagSeli' is set on object 'Object Repository/manajemenRole/fieldNamaRole'

2022-11-03 22:44:12 - [MESSAGE][PASSED] - Text 'bagSeli' is set on object 'Object Repository/manajemenRole/fieldNamaRole'

2022-11-03 22:44:12 - [TEST_STEP][PASSED] - click(findTestObject("manajemenRole/checkSelisih")): Object: 'Object Repository/manajemenRole/checkSelisih' is clicked on

2022-11-03 22:44:13 - [MESSAGE][PASSED] - Object: 'Object Repository/manajemenRole/checkSelisih' is clicked on

2022-11-03 22:44:13 - [TEST_STEP][PASSED] - click(findTestObject("manajemenRole/btnSimpanRole")): Object: 'Object Repository/manajemenRole/btnSimpanRole' is clicked on

2022-11-03 22:44:13 - [MESSAGE][PASSED] - Object: 'Object Repository/manajemenRole/btnSimpanRole' is clicked on

2022-11-03 22:44:13 - [TEST_STEP][PASSED] - delay(3): Delayed 3 second(s)

2022-11-03 22:44:16 - [MESSAGE][PASSED] - Delayed 3 second(s)

2022-11-03 22:44:16 - [TEST_STEP][PASSED] - closeBrowser(): Browser is closed

2022-11-03 22:44:17 - [MESSAGE][PASSED] - Browser is closed]]></system-out>
         <system-err><![CDATA[]]></system-err>
      </testcase>
      <system-out><![CDATA[2022-11-03 22:40:18 - [TEST_SUITE][PASSED] - crudRole: Test Cases/crudRole/successCreateSelisih]]></system-out>
      <system-err><![CDATA[]]></system-err>
   </testsuite>
</testsuites>
